2014/05/11 00:22:47 [error] [php] Undefined index: max_time (D:\xampp\htdocs\envnews2014\protected\components\UserCounter.php:161)
Stack trace:
#0 D:\xampp\htdocs\envnews2014\framework\web\CBaseController.php(95): SiteController->renderInternal()
#1 D:\xampp\htdocs\envnews2014\framework\web\widgets\CContentDecorator.php(76): SiteController->renderFile()
#2 D:\xampp\htdocs\envnews2014\framework\web\widgets\CContentDecorator.php(54): CContentDecorator->decorate()
#3 D:\xampp\htdocs\envnews2014\framework\web\widgets\COutputProcessor.php(44): CContentDecorator->processOutput()
#4 D:\xampp\htdocs\envnews2014\framework\web\CBaseController.php(206): CContentDecorator->run()
#5 D:\xampp\htdocs\envnews2014\framework\web\CBaseController.php(300): SiteController->endWidget()
#6 D:\xampp\htdocs\envnews2014\themes\default\views\layouts\column1.php(6): SiteController->endContent()
#7 D:\xampp\htdocs\envnews2014\framework\web\CBaseController.php(126): require()
#8 D:\xampp\htdocs\envnews2014\framework\web\CBaseController.php(95): SiteController->renderInternal()
#9 D:\xampp\htdocs\envnews2014\framework\web\CController.php(784): SiteController->renderFile()
#10 D:\xampp\htdocs\envnews2014\protected\controllers\front\SiteController.php(60): SiteController->render()
#11 D:\xampp\htdocs\envnews2014\framework\web\actions\CInlineAction.php(49): SiteController->actionIndex()
#12 D:\xampp\htdocs\envnews2014\framework\web\CController.php(308): CInlineAction->runWithParams()
#13 D:\xampp\htdocs\envnews2014\framework\web\filters\CFilterChain.php(133): SiteController->runAction()
#14 D:\xampp\htdocs\envnews2014\framework\web\filters\CFilter.php(40): CFilterChain->run()
#15 D:\xampp\htdocs\envnews2014\framework\web\CController.php(1145): CAccessControlFilter->filter()
#16 D:\xampp\htdocs\envnews2014\framework\web\filters\CInlineFilter.php(58): SiteController->filterAccessControl()
#17 D:\xampp\htdocs\envnews2014\framework\web\filters\CFilterChain.php(130): CInlineFilter->filter()
#18 D:\xampp\htdocs\envnews2014\framework\web\CController.php(291): CFilterChain->run()
#19 D:\xampp\htdocs\envnews2014\framework\web\CController.php(265): SiteController->runActionWithFilters()
#20 D:\xampp\htdocs\envnews2014\framework\web\CWebApplication.php(282): SiteController->run()
#21 D:\xampp\htdocs\envnews2014\framework\web\CWebApplication.php(141): CWebApplication->runController()
#22 D:\xampp\htdocs\envnews2014\framework\base\CApplication.php(169): CWebApplication->processRequest()
#23 D:\xampp\htdocs\envnews2014\protected\components\WebApplicationEndBehavior.php(24): CWebApplication->run()
#24 unknown(0): WebApplicationEndBehavior->runEnd()
#25 D:\xampp\htdocs\envnews2014\framework\base\CComponent.php(260): call_user_func_array()
#26 D:\xampp\htdocs\envnews2014\index.php(10): CWebApplication->__call()
#27 D:\xampp\htdocs\envnews2014\index.php(10): CWebApplication->runEnd()
REQUEST_URI=/envnews2014/
in D:\xampp\htdocs\envnews2014\protected\components\UserCounter.php (161)
in D:\xampp\htdocs\envnews2014\themes\default\views\layouts\main.php (16)
in D:\xampp\htdocs\envnews2014\themes\default\views\layouts\column1.php (6)
